Using pre-set license
Built from '2021.3/staging' branch; Version is '2021.3.4f1 (cb45f9cae8b7) revision 13321721'; Using compiler version '192829333'; Build Type 'Release'
OS: 'Windows 10  (10.0.19042) 64bit Education' Language: 'es' Physical Memory: 16251 MB
BatchMode: 1, IsHumanControllingUs: 0, StartBugReporterOnCrash: 0, Is64bit: 1, IsPro: 1

COMMAND LINE ARGUMENTS:
C:\Program Files\Unity\Hub\Editor\2021.3.4f1\Editor\Unity.exe
-adb2
-batchMode
-noUpm
-name
AssetImportWorker0
-projectPath
C:/Users/Marcelo/Desktop/ProyectoGraficas/computer-graphics-project
-logFile
Logs/AssetImportWorker0.log
-srvPort
55916
Successfully changed project path to: C:/Users/Marcelo/Desktop/ProyectoGraficas/computer-graphics-project
C:/Users/Marcelo/Desktop/ProyectoGraficas/computer-graphics-project
[UnityMemory] Configuration Parameters - Can be set up in boot.config
    "memorysetup-bucket-allocator-granularity=16"
    "memorysetup-bucket-allocator-bucket-count=8"
    "memorysetup-bucket-allocator-block-size=33554432"
    "memorysetup-bucket-allocator-block-count=8"
    "memorysetup-main-allocator-block-size=16777216"
    "memorysetup-thread-allocator-block-size=16777216"
    "memorysetup-gfx-main-allocator-block-size=16777216"
    "memorysetup-gfx-thread-allocator-block-size=16777216"
    "memorysetup-cache-allocator-block-size=4194304"
    "memorysetup-typetree-allocator-block-size=2097152"
    "memorysetup-profiler-bucket-allocator-granularity=16"
    "memorysetup-profiler-bucket-allocator-bucket-count=8"
    "memorysetup-profiler-bucket-allocator-block-size=33554432"
    "memorysetup-profiler-bucket-allocator-block-count=8"
    "memorysetup-profiler-allocator-block-size=16777216"
    "memorysetup-profiler-editor-allocator-block-size=1048576"
    "memorysetup-temp-allocator-size-main=16777216"
    "memorysetup-job-temp-allocator-block-size=2097152"
    "memorysetup-job-temp-allocator-block-size-background=1048576"
    "memorysetup-job-temp-allocator-reduction-small-platforms=262144"
    "memorysetup-temp-allocator-size-background-worker=32768"
    "memorysetup-temp-allocator-size-job-worker=262144"
    "memorysetup-temp-allocator-size-preload-manager=33554432"
    "memorysetup-temp-allocator-size-nav-mesh-worker=65536"
    "memorysetup-temp-allocator-size-audio-worker=65536"
    "memorysetup-temp-allocator-size-cloud-worker=32768"
    "memorysetup-temp-allocator-size-gi-baking-worker=262144"
    "memorysetup-temp-allocator-size-gfx=262144"
Refreshing native plugins compatible for Editor in 170.12 ms, found 2 plugins.
Preloading 0 native plugins for Editor in 0.00 ms.
Initialize engine version: 2021.3.4f1 (cb45f9cae8b7)
[Subsystems] Discovering subsystems at path C:/Program Files/Unity/Hub/Editor/2021.3.4f1/Editor/Data/Resources/UnitySubsystems
[Subsystems] Discovering subsystems at path C:/Users/Marcelo/Desktop/ProyectoGraficas/computer-graphics-project/Assets
GfxDevice: creating device client; threaded=0; jobified=0
Direct3D:
    Version:  Direct3D 11.0 [level 11.1]
    Renderer: NVIDIA GeForce GTX 1060 6GB (ID=0x1c03)
    Vendor:   NVIDIA
    VRAM:     6052 MB
    Driver:   30.0.14.7168
Initialize mono
Mono path[0] = 'C:/Program Files/Unity/Hub/Editor/2021.3.4f1/Editor/Data/Managed'
Mono path[1] = 'C:/Program Files/Unity/Hub/Editor/2021.3.4f1/Editor/Data/MonoBleedingEdge/lib/mono/unityjit-win32'
Mono config path = 'C:/Program Files/Unity/Hub/Editor/2021.3.4f1/Editor/Data/MonoBleedingEdge/etc'
Using monoOptions --debugger-agent=transport=dt_socket,embedding=1,server=y,suspend=n,address=127.0.0.1:56872
Begin MonoManager ReloadAssembly
Registering precompiled unity dll's ...
Register platform support module: C:/Program Files/Unity/Hub/Editor/2021.3.4f1/Editor/Data/PlaybackEngines/WebGLSupport/UnityEditor.WebGL.Extensions.dll
Register platform support module: C:/Program Files/Unity/Hub/Editor/2021.3.4f1/Editor/Data/PlaybackEngines/WindowsStandaloneSupport/UnityEditor.WindowsStandalone.Extensions.dll
Registered in 0.013280 seconds.
Native extension for WindowsStandalone target not found
Native extension for WebGL target not found
Refreshing native plugins compatible for Editor in 33.58 ms, found 2 plugins.
Preloading 0 native plugins for Editor in 0.00 ms.
Mono: successfully reloaded assembly
- Completed reload, in  0.766 seconds
Domain Reload Profiling:
	ReloadAssembly (767ms)
		BeginReloadAssembly (108ms)
			ExecutionOrderSort (0ms)
			DisableScriptedObjects (0ms)
			BackupInstance (0ms)
			ReleaseScriptingObjects (0ms)
			CreateAndSetChildDomain (1ms)
		EndReloadAssembly (511ms)
			LoadAssemblies (104ms)
			RebuildTransferFunctionScriptingTraits (0ms)
			SetupTypeCache (136ms)
			ReleaseScriptCaches (0ms)
			RebuildScriptCaches (35ms)
			SetupLoadedEditorAssemblies (277ms)
				LogAssemblyErrors (0ms)
				InitializePlatformSupportModulesInManaged (13ms)
				SetLoadedEditorAssemblies (0ms)
				RefreshPlugins (34ms)
				BeforeProcessingInitializeOnLoad (1ms)
				ProcessInitializeOnLoadAttributes (166ms)
				ProcessInitializeOnLoadMethodAttributes (63ms)
				AfterProcessingInitializeOnLoad (0ms)
				EditorAssembliesLoaded (0ms)
			ExecutionOrderSort2 (0ms)
			AwakeInstancesAfterBackupRestoration (0ms)
Platform modules already initialized, skipping
Registering precompiled user dll's ...
Registered in 0.007705 seconds.
Begin MonoManager ReloadAssembly
Native extension for WindowsStandalone target not found
Native extension for WebGL target not found
Refreshing native plugins compatible for Editor in 0.33 ms, found 2 plugins.
Preloading 0 native plugins for Editor in 0.00 ms.
Mono: successfully reloaded assembly
- Completed reload, in  1.358 seconds
Domain Reload Profiling:
	ReloadAssembly (1359ms)
		BeginReloadAssembly (172ms)
			ExecutionOrderSort (0ms)
			DisableScriptedObjects (8ms)
			BackupInstance (0ms)
			ReleaseScriptingObjects (0ms)
			CreateAndSetChildDomain (23ms)
		EndReloadAssembly (940ms)
			LoadAssemblies (119ms)
			RebuildTransferFunctionScriptingTraits (0ms)
			SetupTypeCache (291ms)
			ReleaseScriptCaches (0ms)
			RebuildScriptCaches (51ms)
			SetupLoadedEditorAssemblies (449ms)
				LogAssemblyErrors (0ms)
				InitializePlatformSupportModulesInManaged (9ms)
				SetLoadedEditorAssemblies (0ms)
				RefreshPlugins (0ms)
				BeforeProcessingInitializeOnLoad (74ms)
				ProcessInitializeOnLoadAttributes (315ms)
				ProcessInitializeOnLoadMethodAttributes (33ms)
				AfterProcessingInitializeOnLoad (17ms)
				EditorAssembliesLoaded (0ms)
			ExecutionOrderSort2 (0ms)
			AwakeInstancesAfterBackupRestoration (9ms)
Platform modules already initialized, skipping
========================================================================
Worker process is ready to serve import requests
Launched and connected shader compiler UnityShaderCompiler.exe after 0.40 seconds
Refreshing native plugins compatible for Editor in 0.36 ms, found 2 plugins.
Preloading 0 native plugins for Editor in 0.00 ms.
Unloading 1674 Unused Serialized files (Serialized files now loaded: 0)
Unloading 19 unused Assets / (47.9 KB). Loaded Objects now: 2138.
Memory consumption went from 71.9 MB to 71.8 MB.
Total: 3.832100 ms (FindLiveObjects: 0.155700 ms CreateObjectMapping: 0.062300 ms MarkObjects: 3.504500 ms  DeleteObjects: 0.108300 ms)

AssetImportParameters requested are different than current active one (requested -> active):
  custom:video-decoder-ogg-theora: a1e56fd34408186e4bbccfd4996cb3dc -> 
  custom:container-muxer-webm: aa71ff27fc2769a1b78a27578f13a17b -> 
  custom:container-demuxer-webm: 4f35f7cbe854078d1ac9338744f61a02 -> 
  custom:video-encoder-webm-vp8: eb34c28f22e8b96e1ab97ce403110664 -> 
  custom:video-codec-MediaFoundation-h265: 746d11721c4dcdbdad8f713fa42b33f4 -> 
  custom:audio-encoder-webm-vorbis: bf7c407c2cedff20999df2af8eb42d56 -> 
  custom:framework-win-MediaFoundation: 216162199b28c13a410421893ffa2e32 -> 
  custom:container-demuxer-ogg: 62fdf1f143b41e24485cea50d1cbac27 -> 
  custom:video-decoder-webm-vp8: 9c59270c3fd7afecdb556c50c9e8de78 -> 
  custom:audio-decoder-ogg-vorbis: bf7c407c2cedff20999df2af8eb42d56 -> 
========================================================================
Received Import Request.
  Time since last request: 13434.399384 seconds.
  path: Assets/Materials/New Material.mat
  artifactKey: Guid(fb6da7ed351381946814c3e7894e436d) Importer(815301076,1909f56bfc062723c751e8b465ee728b)
Start importing Assets/Materials/New Material.mat using Guid(fb6da7ed351381946814c3e7894e436d) Importer(815301076,1909f56bfc062723c751e8b465ee728b)  -> (artifact id: '38a37fd1678cd99df4474918fe247a0f') in 0.286299 seconds 
========================================================================
Received Import Request.
  Time since last request: 0.000021 seconds.
  path: Assets/Materials
  artifactKey: Guid(6fc57b23074f093428d44486e4b700c1) Importer(815301076,1909f56bfc062723c751e8b465ee728b)
Start importing Assets/Materials using Guid(6fc57b23074f093428d44486e4b700c1) Importer(815301076,1909f56bfc062723c751e8b465ee728b)  -> (artifact id: 'ef7e696346ab6966311b93642f29df85') in 0.002828 seconds 
========================================================================
Received Import Request.
  Time since last request: 6.332197 seconds.
  path: Assets/Models/BROARD_LEAF_SUCCULENT_5K.fbx
  artifactKey: Guid(6c456d5dec73ec24a9bdd11e33d129a0) Importer(815301076,1909f56bfc062723c751e8b465ee728b)
Start importing Assets/Models/BROARD_LEAF_SUCCULENT_5K.fbx using Guid(6c456d5dec73ec24a9bdd11e33d129a0) Importer(815301076,1909f56bfc062723c751e8b465ee728b)  -> (artifact id: 'ab56e45a504cdae88c2f86ac8e5f7af6') in 2.783459 seconds 
========================================================================
Received Import Request.
  Time since last request: 0.000055 seconds.
  path: Assets/Models/Newtons_Cradle.FBX
  artifactKey: Guid(e9c97bbdeae90384688fb94c2ee92c21) Importer(815301076,1909f56bfc062723c751e8b465ee728b)
Start importing Assets/Models/Newtons_Cradle.FBX using Guid(e9c97bbdeae90384688fb94c2ee92c21) Importer(815301076,1909f56bfc062723c751e8b465ee728b)  -> (artifact id: 'f29467660cc4e96de538cb3daf75ddcd') in 0.323259 seconds 
========================================================================
Received Import Request.
  Time since last request: 0.000054 seconds.
  path: Assets/Models/lamp_bronze.fbx
  artifactKey: Guid(0b068a5eb1ed34f448bb04120f41e201) Importer(815301076,1909f56bfc062723c751e8b465ee728b)
Start importing Assets/Models/lamp_bronze.fbx using Guid(0b068a5eb1ed34f448bb04120f41e201) Importer(815301076,1909f56bfc062723c751e8b465ee728b)  -> (artifact id: '0b50d3a0ded03b971d2838f225dfc273') in 1.876935 seconds 
========================================================================
Received Import Request.
  Time since last request: 0.000029 seconds.
  path: Assets/Models/facetedglass.fbx
  artifactKey: Guid(0f804fd77d1144742a4bc0a5d5c704bd) Importer(815301076,1909f56bfc062723c751e8b465ee728b)
Start importing Assets/Models/facetedglass.fbx using Guid(0f804fd77d1144742a4bc0a5d5c704bd) Importer(815301076,1909f56bfc062723c751e8b465ee728b)  -> (artifact id: '563bf4ea233c0a504fca4e462ad69604') in 0.057471 seconds 
========================================================================
Received Import Request.
  Time since last request: 0.000024 seconds.
  path: Assets/Models/Wading_Bird_LP.fbx
  artifactKey: Guid(8a5d0f0f82d9d2f4984e014cef83deab) Importer(815301076,1909f56bfc062723c751e8b465ee728b)
Start importing Assets/Models/Wading_Bird_LP.fbx using Guid(8a5d0f0f82d9d2f4984e014cef83deab) Importer(815301076,1909f56bfc062723c751e8b465ee728b)  -> (artifact id: '06eea1bb2ac1946b417287a208953eca') in 0.089318 seconds 
========================================================================
Received Import Request.
  Time since last request: 0.000017 seconds.
  path: Assets/Models/desk.fbx
  artifactKey: Guid(ece4cb49800e9da41b82e1e92a82e599) Importer(815301076,1909f56bfc062723c751e8b465ee728b)
Start importing Assets/Models/desk.fbx using Guid(ece4cb49800e9da41b82e1e92a82e599) Importer(815301076,1909f56bfc062723c751e8b465ee728b)  -> (artifact id: '9b533a0249a912dd8fc56bd8eade08be') in 0.108505 seconds 
========================================================================
Received Import Request.
  Time since last request: 0.000038 seconds.
  path: Assets/Models/TableBasketball.prefab
  artifactKey: Guid(b0cc65c43ecf51747ab2846695e04015) Importer(815301076,1909f56bfc062723c751e8b465ee728b)
Start importing Assets/Models/TableBasketball.prefab using Guid(b0cc65c43ecf51747ab2846695e04015) Importer(815301076,1909f56bfc062723c751e8b465ee728b)  -> (artifact id: '6e97f4c98285a81e6f1a495717992d00') in 0.061483 seconds 
========================================================================
Received Import Request.
  Time since last request: 0.000028 seconds.
  path: Assets/Models/Lowpoly Old Notebook(fbx2011).FBX
  artifactKey: Guid(51a20860cbaba3a46aaa29b0f5faf911) Importer(815301076,1909f56bfc062723c751e8b465ee728b)
Start importing Assets/Models/Lowpoly Old Notebook(fbx2011).FBX using Guid(51a20860cbaba3a46aaa29b0f5faf911) Importer(815301076,1909f56bfc062723c751e8b465ee728b)  -> (artifact id: 'd36f8d79879e4180d3f288fa7404fced') in 0.040350 seconds 
========================================================================
Received Import Request.
  Time since last request: 4.558334 seconds.
  path: Assets
  artifactKey: Guid(00000000000000001000000000000000) Importer(815301076,1909f56bfc062723c751e8b465ee728b)
Start importing Assets using Guid(00000000000000001000000000000000) Importer(815301076,1909f56bfc062723c751e8b465ee728b)  -> (artifact id: '79842766b460edbeab6a34051e857a80') in 0.006434 seconds 
========================================================================
Received Import Request.
  Time since last request: 6.537084 seconds.
  path: Assets/Textures
  artifactKey: Guid(4e2a117753d32104fa4c146834c810d7) Importer(815301076,1909f56bfc062723c751e8b465ee728b)
Start importing Assets/Textures using Guid(4e2a117753d32104fa4c146834c810d7) Importer(815301076,1909f56bfc062723c751e8b465ee728b)  -> (artifact id: '07c3662394e0f9989ce1a8771abb3795') in 0.002863 seconds 
========================================================================
Received Import Request.
  Time since last request: 23.054336 seconds.
  path: Assets/Textures/NewtonCradle
  artifactKey: Guid(b51e41a137d4468409b95f6194b0ecf0) Importer(815301076,1909f56bfc062723c751e8b465ee728b)
Start importing Assets/Textures/NewtonCradle using Guid(b51e41a137d4468409b95f6194b0ecf0) Importer(815301076,1909f56bfc062723c751e8b465ee728b)  -> (artifact id: '6454df673a349e3292751f57e9af8bf2') in 0.003792 seconds 
========================================================================
Received Import Request.
  Time since last request: 395.857184 seconds.
  path: Assets/Textures/NewtonCradle/metal-texture-wallpaper-luxury-steel-metal-background-texture.jpg
  artifactKey: Guid(3246b2135a9a1184f820fa69ec31d8d9) Importer(815301076,1909f56bfc062723c751e8b465ee728b)
Start importing Assets/Textures/NewtonCradle/metal-texture-wallpaper-luxury-steel-metal-background-texture.jpg using Guid(3246b2135a9a1184f820fa69ec31d8d9) Importer(815301076,1909f56bfc062723c751e8b465ee728b)  -> (artifact id: 'bd29ac2efa9648a8654f2920ca5d94fd') in 0.289578 seconds 
========================================================================
Received Import Request.
  Time since last request: 157.347533 seconds.
  path: Assets/Textures/NewtonCradle/wood_dark.jpg
  artifactKey: Guid(d55f4c0b84fc59f46a7d17d776b75cbd) Importer(815301076,1909f56bfc062723c751e8b465ee728b)
Start importing Assets/Textures/NewtonCradle/wood_dark.jpg using Guid(d55f4c0b84fc59f46a7d17d776b75cbd) Importer(815301076,1909f56bfc062723c751e8b465ee728b)  -> (artifact id: '5c8805fd075db8e507ce6d51877323ef') in 0.155778 seconds 
========================================================================
Received Import Request.
  Time since last request: 47.588516 seconds.
  path: Assets/Textures/Desk
  artifactKey: Guid(8212a23e2c2f7894bbf2b5f43e349593) Importer(815301076,1909f56bfc062723c751e8b465ee728b)
Start importing Assets/Textures/Desk using Guid(8212a23e2c2f7894bbf2b5f43e349593) Importer(815301076,1909f56bfc062723c751e8b465ee728b)  -> (artifact id: '9e3af259b881b0799b12992ac0f1c203') in 0.003461 seconds 
========================================================================
Received Import Request.
  Time since last request: 7.726307 seconds.
  path: Assets/Textures/Laptop
  artifactKey: Guid(67c76e31a1220b745a2f8de9e3b1e297) Importer(815301076,1909f56bfc062723c751e8b465ee728b)
Start importing Assets/Textures/Laptop using Guid(67c76e31a1220b745a2f8de9e3b1e297) Importer(815301076,1909f56bfc062723c751e8b465ee728b)  -> (artifact id: 'f37ce378656684ac14c23670b0fda161') in 0.135307 seconds 
========================================================================
Received Import Request.
  Time since last request: 83.656516 seconds.
  path: Assets/Textures/Desk/desk_wood.jpg
  artifactKey: Guid(79115acd4744d04428a8cfcdcbabdfa9) Importer(815301076,1909f56bfc062723c751e8b465ee728b)
Start importing Assets/Textures/Desk/desk_wood.jpg using Guid(79115acd4744d04428a8cfcdcbabdfa9) Importer(815301076,1909f56bfc062723c751e8b465ee728b)  -> (artifact id: '718d9b65e897aa0441a62e28aa0d7bb0') in 0.051172 seconds 
========================================================================
Received Import Request.
  Time since last request: 21.194173 seconds.
  path: Assets/Textures/Desk/Materials
  artifactKey: Guid(553e1b73131a5f64a8a785a772974aac) Importer(815301076,1909f56bfc062723c751e8b465ee728b)
Start importing Assets/Textures/Desk/Materials using Guid(553e1b73131a5f64a8a785a772974aac) Importer(815301076,1909f56bfc062723c751e8b465ee728b)  -> (artifact id: 'e903c00ba3b3da386ca4324ad316f3c8') in 0.003202 seconds 
========================================================================
Received Import Request.
  Time since last request: 22.109598 seconds.
  path: Assets/Textures/Desk/wood_dark.jpg
  artifactKey: Guid(47e12ca23709a4948bb6f2f55ba2038e) Importer(815301076,1909f56bfc062723c751e8b465ee728b)
Start importing Assets/Textures/Desk/wood_dark.jpg using Guid(47e12ca23709a4948bb6f2f55ba2038e) Importer(815301076,1909f56bfc062723c751e8b465ee728b)  -> (artifact id: '6cb6f7c17dbe5bbc2b094c60aafa48ae') in 0.007686 seconds 
========================================================================
Received Import Request.
  Time since last request: 18.400074 seconds.
  path: Assets/Textures/Desk/Materials/desk_wood.mat
  artifactKey: Guid(50eb65fdf0bf6494cbb549bf0668b1f8) Importer(815301076,1909f56bfc062723c751e8b465ee728b)
Start importing Assets/Textures/Desk/Materials/desk_wood.mat using Guid(50eb65fdf0bf6494cbb549bf0668b1f8) Importer(815301076,1909f56bfc062723c751e8b465ee728b)  -> (artifact id: '2577d83e42196cb196828e23df681c51') in 0.011737 seconds 
========================================================================
Received Import Request.
  Time since last request: 1464.810560 seconds.
  path: Assets/Textures/Desk/desk_grain.jpg
  artifactKey: Guid(8294b2d58a5a01f4a9f3d960d083545e) Importer(815301076,1909f56bfc062723c751e8b465ee728b)
Start importing Assets/Textures/Desk/desk_grain.jpg using Guid(8294b2d58a5a01f4a9f3d960d083545e) Importer(815301076,1909f56bfc062723c751e8b465ee728b)  -> (artifact id: '2594e1767c14bdf0a736072a94f14560') in 0.048233 seconds 
========================================================================
Received Import Request.
  Time since last request: 381.769491 seconds.
  path: Assets/Textures/Glass
  artifactKey: Guid(27d10bce0e7ba644ca5d7680ee0ce21c) Importer(815301076,1909f56bfc062723c751e8b465ee728b)
Start importing Assets/Textures/Glass using Guid(27d10bce0e7ba644ca5d7680ee0ce21c) Importer(815301076,1909f56bfc062723c751e8b465ee728b)  -> (artifact id: 'e0ac75dfc2e062f86617525b74e8ef77') in 0.004561 seconds 
========================================================================
Received Import Request.
  Time since last request: 0.031491 seconds.
  path: Assets/Textures/Glass/glasstext.jpg
  artifactKey: Guid(848ca38ce612d064aaa0f755607c0d2d) Importer(815301076,1909f56bfc062723c751e8b465ee728b)
Start importing Assets/Textures/Glass/glasstext.jpg using Guid(848ca38ce612d064aaa0f755607c0d2d) Importer(815301076,1909f56bfc062723c751e8b465ee728b)  -> (artifact id: '0ff8805ff3def3fb241497b13de1ab10') in 0.013266 seconds 
========================================================================
Received Import Request.
  Time since last request: 504.125365 seconds.
  path: Assets/Textures/Bird
  artifactKey: Guid(1f4527f3b222d6643850ef7cbad687be) Importer(815301076,1909f56bfc062723c751e8b465ee728b)
Start importing Assets/Textures/Bird using Guid(1f4527f3b222d6643850ef7cbad687be) Importer(815301076,1909f56bfc062723c751e8b465ee728b)  -> (artifact id: 'dc16d3742be077d21a97f5fbfbfa1023') in 0.003477 seconds 
========================================================================
Received Import Request.
  Time since last request: 69.655520 seconds.
  path: Assets/Textures/Bird/blueHat2.png
  artifactKey: Guid(372958d788e803542869f719d03c76db) Importer(815301076,1909f56bfc062723c751e8b465ee728b)
Start importing Assets/Textures/Bird/blueHat2.png using Guid(372958d788e803542869f719d03c76db) Importer(815301076,1909f56bfc062723c751e8b465ee728b)  -> (artifact id: '723c309fae99987b27baaa27d09e39c3') in 0.017512 seconds 
========================================================================
Received Import Request.
  Time since last request: 696.687520 seconds.
  path: Assets/Textures/Bird/head.jpg
  artifactKey: Guid(fecb7aa71d1626942ab005d3cfd1a0ad) Importer(815301076,1909f56bfc062723c751e8b465ee728b)
Start importing Assets/Textures/Bird/head.jpg using Guid(fecb7aa71d1626942ab005d3cfd1a0ad) Importer(815301076,1909f56bfc062723c751e8b465ee728b)  -> (artifact id: '814f5d7dee2c876b5f4574499c040593') in 0.022071 seconds 
========================================================================
Received Import Request.
  Time since last request: 122.550490 seconds.
  path: Assets/Textures/Bird/legs.jpg
  artifactKey: Guid(626cf9d24fb24164fb919702ba254034) Importer(815301076,1909f56bfc062723c751e8b465ee728b)
Start importing Assets/Textures/Bird/legs.jpg using Guid(626cf9d24fb24164fb919702ba254034) Importer(815301076,1909f56bfc062723c751e8b465ee728b)  -> (artifact id: 'defaf7f2680dec4366bec6fbbc6b712c') in 0.071488 seconds 
========================================================================
Received Import Request.
  Time since last request: 41.002051 seconds.
  path: Assets/Textures/Bird/tail.jpg
  artifactKey: Guid(fa056e4a62b15e54a85dca0af668cfe7) Importer(815301076,1909f56bfc062723c751e8b465ee728b)
Start importing Assets/Textures/Bird/tail.jpg using Guid(fa056e4a62b15e54a85dca0af668cfe7) Importer(815301076,1909f56bfc062723c751e8b465ee728b)  -> (artifact id: '967224e8e83ca00788e127b858827657') in 0.011959 seconds 
========================================================================
Received Import Request.
  Time since last request: 67.030661 seconds.
  path: Assets/Textures/Bird/water.jpg
  artifactKey: Guid(a784ca2920d8fdc42899982c141b1cde) Importer(815301076,1909f56bfc062723c751e8b465ee728b)
Start importing Assets/Textures/Bird/water.jpg using Guid(a784ca2920d8fdc42899982c141b1cde) Importer(815301076,1909f56bfc062723c751e8b465ee728b)  -> (artifact id: '2da679fd46e33a19d7cc50af35220cc0') in 0.016773 seconds 
========================================================================
Received Import Request.
  Time since last request: 60.010125 seconds.
  path: Assets/Textures/NewtonCradle/Materials
  artifactKey: Guid(5b5794506b406b846a8d6cf3fe6c9403) Importer(815301076,1909f56bfc062723c751e8b465ee728b)
Start importing Assets/Textures/NewtonCradle/Materials using Guid(5b5794506b406b846a8d6cf3fe6c9403) Importer(815301076,1909f56bfc062723c751e8b465ee728b)  -> (artifact id: '3e9c7f9103ecac129c6e18efcbb39d81') in 0.003983 seconds 
========================================================================
Received Import Request.
  Time since last request: 0.200627 seconds.
  path: Assets/Textures/NewtonCradle/Materials/metal-texture-wallpaper-luxury-steel-metal-background-texture.mat
  artifactKey: Guid(acafe27722e3d1c40ba66c0a473b65ca) Importer(815301076,1909f56bfc062723c751e8b465ee728b)
Start importing Assets/Textures/NewtonCradle/Materials/metal-texture-wallpaper-luxury-steel-metal-background-texture.mat using Guid(acafe27722e3d1c40ba66c0a473b65ca) Importer(815301076,1909f56bfc062723c751e8b465ee728b)  -> (artifact id: '3e7dca547be370eb6202476519bc8da8') in 0.013652 seconds 
========================================================================
Received Import Request.
  Time since last request: 0.000016 seconds.
  path: Assets/Textures/NewtonCradle/Materials/wood_dark.mat
  artifactKey: Guid(4ee022017076c504a81465caf262f032) Importer(815301076,1909f56bfc062723c751e8b465ee728b)
Start importing Assets/Textures/NewtonCradle/Materials/wood_dark.mat using Guid(4ee022017076c504a81465caf262f032) Importer(815301076,1909f56bfc062723c751e8b465ee728b)  -> (artifact id: 'dcfce8dad4fb191254c6862ef7a4070a') in 0.030161 seconds 
========================================================================
Received Import Request.
  Time since last request: 3.429947 seconds.
  path: Assets/Textures/Bird/metal-texture-wallpaper-luxury-steel-metal-background-texture.jpg
  artifactKey: Guid(9d8a74ad93bd5f44f9158b4facaf6639) Importer(815301076,1909f56bfc062723c751e8b465ee728b)
Start importing Assets/Textures/Bird/metal-texture-wallpaper-luxury-steel-metal-background-texture.jpg using Guid(9d8a74ad93bd5f44f9158b4facaf6639) Importer(815301076,1909f56bfc062723c751e8b465ee728b)  -> (artifact id: '5b0957c9ea4d29947848eb8fabeab951') in 0.008793 seconds 
========================================================================
Received Import Request.
  Time since last request: 669.887826 seconds.
  path: Assets/Textures/Laptop/cover.jpg
  artifactKey: Guid(a9c68d5e0edd9cd43980eb148141a2ff) Importer(815301076,1909f56bfc062723c751e8b465ee728b)
Start importing Assets/Textures/Laptop/cover.jpg using Guid(a9c68d5e0edd9cd43980eb148141a2ff) Importer(815301076,1909f56bfc062723c751e8b465ee728b)  -> (artifact id: '8236d0057d65e000059cf026f2b83c8d') in 0.022790 seconds 
========================================================================
Received Import Request.
  Time since last request: 2672.119001 seconds.
  path: Assets/Textures/Plant
  artifactKey: Guid(2ebcc1f832d4ee748914e6e29488ed6d) Importer(815301076,1909f56bfc062723c751e8b465ee728b)
Start importing Assets/Textures/Plant using Guid(2ebcc1f832d4ee748914e6e29488ed6d) Importer(815301076,1909f56bfc062723c751e8b465ee728b)  -> (artifact id: 'a65c55c80a8410fc5dd5c23205154b9e') in 0.007391 seconds 
========================================================================
Received Import Request.
  Time since last request: 0.160808 seconds.
  path: Assets/Textures/Plant/leaves.jpg
  artifactKey: Guid(2d4e9f0789f18d74dbd59f4959c5cbf0) Importer(815301076,1909f56bfc062723c751e8b465ee728b)
Start importing Assets/Textures/Plant/leaves.jpg using Guid(2d4e9f0789f18d74dbd59f4959c5cbf0) Importer(815301076,1909f56bfc062723c751e8b465ee728b)  -> (artifact id: '899df2e577933013223ae1919012f3f5') in 0.019666 seconds 
